[    0.000000] Linux version 4.15.0-43-generic (buildd@lgw01-amd64-001) (gcc version 7.3.0 (Ubuntu 7.3.0-16ubuntu3)) #46-Ubuntu SMP Thu Dec 6 14:45:28 UTC 2018 (Ubuntu 4.15.0-43.46-generic 4.15.18)
[    0.000000] Command line: BOOT_IMAGE=/boot/vmlinuz-4.15.0-43-generic root=LABEL=cloudimg-rootfs ro console=tty1 console=ttyS0
[    0.000000] KERNEL supported cpus:
[    0.000000]   Intel GenuineIntel
[    0.000000]   AMD AuthenticAMD
[    0.000000]   Centaur CentaurHauls
[    0.000000] x86/fpu: Supporting XSAVE feature 0x001: 'x87 floating point registers'
[    0.000000] x86/fpu: Supporting XSAVE feature 0x002: 'SSE registers'
[    0.000000] x86/fpu: Supporting XSAVE feature 0x004: 'AVX registers'
[    0.000000] x86/fpu: xstate_offset[2]:  576, xstate_sizes[2]:  256
[    0.000000] x86/fpu: Enabled xstate features 0x7, context size is 832 bytes, using 'standard' format.
[    0.000000] e820: BIOS-provided physical RAM map:
[    0.000000] BIOS-e820: [mem 0x0000000000000000-0x000000000009fbff] usable
[    0.000000] BIOS-e820: [mem 0x000000000009fc00-0x000000000009ffff] reserved
[    0.000000] BIOS-e820: [mem 0x00000000000f0000-0x00000000000fffff] reserved
[    0.000000] BIOS-e820: [mem 0x0000000000100000-0x000000003ffeffff] usable
[    0.000000] BIOS-e820: [mem 0x000000003fff0000-0x000000003fffffff] ACPI data
[    0.000000] BIOS-e820: [mem 0x00000000fec00000-0x00000000fec00fff] reserved
[    0.000000] BIOS-e820: [mem 0x00000000fee00000-0x00000000fee00fff] reserved
[    0.000000] BIOS-e820: [mem 0x00000000fffc0000-0x00000000ffffffff] reserved
[    0.000000] NX (Execute Disable) protection: active
[    0.000000] SMBIOS 2.5 present.
[    0.000000] DMI: innotek GmbH VirtualBox/VirtualBox, BIOS VirtualBox 12/01/2006
[    0.000000] Hypervisor detected: KVM
[    0.000000] e820: last_pfn = 0x3fff0 max_arch_pfn = 0x400000000
[    0.000000] MTRR: Disabled
[    0.000000] x86/PAT: MTRRs disabled, skipping PAT initialization too.
[    0.000000] CPU MTRRs all blank - virtualized system.
[    0.000000] x86/PAT: Configuration [0-7]: WB  WT  UC- UC  WB  WT  UC- UC  
[    0.000000] found SMP MP-table at [mem 0x0009fff0-0x0009ffff] mapped at [        (ptrval)]
[    0.000000] Scanning 1 areas for low memory corruption
[    0.000000] RAMDISK: [mem 0x35adf000-0x36d66fff]
[    0.000000] ACPI: Early table checksum verification disabled
[    0.000000] ACPI: RSDP 0x00000000000E0000 000024 (v02 VBOX  )
[    0.000000] ACPI: XSDT 0x000000003FFF0030 00003C (v01 VBOX   VBOXXSDT 00000001 ASL  00000061)
[    0.000000] ACPI: FACP 0x000000003FFF00F0 0000F4 (v04 VBOX   VBOXFACP 00000001 ASL  00000061)
[    0.000000] ACPI: DSDT 0x000000003FFF0470 0021FF (v02 VBOX   VBOXBIOS 00000002 INTL 20160930)
[    0.000000] ACPI: FACS 0x000000003FFF0200 000040
[    0.000000] ACPI: FACS 0x000000003FFF0200 000040
[    0.000000] ACPI: APIC 0x000000003FFF0240 00005C (v02 VBOX   VBOXAPIC 00000001 ASL  00000061)
[    0.000000] ACPI: SSDT 0x000000003FFF02A0 0001CC (v01 VBOX   VBOXCPUT 00000002 INTL 20160930)
[    0.000000] No NUMA configuration found
[    0.000000] Faking a node at [mem 0x0000000000000000-0x000000003ffeffff]
[    0.000000] NODE_DATA(0) allocated [mem 0x3ffc5000-0x3ffeffff]
[    0.000000] kvm-clock: cpu 0, msr 0:3ff44001, primary cpu clock
[    0.000000] kvm-clock: Using msrs 4b564d01 and 4b564d00
[    0.000000] kvm-clock: using sched offset of 3464266058 cycles
[    0.000000] clocksource: kvm-clock: mask: 0xffffffffffffffff max_cycles: 0x1cd42e4dffb, max_idle_ns: 881590591483 ns
[    0.000000] Zone ranges:
[    0.000000]   DMA      [mem 0x0000000000001000-0x0000000000ffffff]
[    0.000000]   DMA32    [mem 0x0000000001000000-0x000000003ffeffff]
[    0.000000]   Normal   empty
[    0.000000]   Device   empty
[    0.000000] Movable zone start for each node
[    0.000000] Early memory node ranges
[    0.000000]   node   0: [mem 0x0000000000001000-0x000000000009efff]
[    0.000000]   node   0: [mem 0x0000000000100000-0x000000003ffeffff]
[    0.000000] Initmem setup node 0 [mem 0x0000000000001000-0x000000003ffeffff]
[    0.000000] Reserved but unavailable: 98 pages
[    0.000000] ACPI: PM-Timer IO Port: 0x4008
[    0.000000] IOAPIC[0]: apic_id 2, version 32, address 0xfec00000, GSI 0-23
[    0.000000] ACPI: INT_SRC_OVR (bus 0 bus_irq 0 global_irq 2 dfl dfl)
[    0.000000] ACPI: INT_SRC_OVR (bus 0 bus_irq 9 global_irq 9 low level)
[    0.000000] Using ACPI (MADT) for SMP configuration information
[    0.000000] smpboot: Allowing 2 CPUs, 0 hotplug CPUs
[    0.000000] PM: Registered nosave memory: [mem 0x00000000-0x00000fff]
[    0.000000] PM: Registered nosave memory: [mem 0x0009f000-0x0009ffff]
[    0.000000] PM: Registered nosave memory: [mem 0x000a0000-0x000effff]
[    0.000000] PM: Registered nosave memory: [mem 0x000f0000-0x000fffff]
[    0.000000] e820: [mem 0x40000000-0xfebfffff] available for PCI devices
[    0.000000] Booting paravirtualized kernel on KVM
[    0.000000] clocksource: refined-jiffies: mask: 0xffffffff max_cycles: 0xffffffff, max_idle_ns: 7645519600211568 ns
[    0.000000] random: get_random_bytes called from start_kernel+0x99/0x4fd with crng_init=0
[    0.000000] setup_percpu: NR_CPUS:8192 nr_cpumask_bits:2 nr_cpu_ids:2 nr_node_ids:1
[    0.000000] percpu: Embedded 46 pages/cpu @        (ptrval) s151552 r8192 d28672 u1048576
[    0.000000] PV qspinlock hash table entries: 256 (order: 0, 4096 bytes)
[    0.000000] Built 1 zonelists, mobility grouping on.  Total pages: 257913
[    0.000000] Policy zone: DMA32
[    0.000000] Kernel command line: BOOT_IMAGE=/boot/vmlinuz-4.15.0-43-generic root=LABEL=cloudimg-rootfs ro console=tty1 console=ttyS0
[    0.000000] Memory: 983608K/1048120K available (12300K kernel code, 2472K rwdata, 4252K rodata, 2408K init, 2416K bss, 64512K reserved, 0K cma-reserved)
[    0.000000] SLUB: HWalign=64, Order=0-3, MinObjects=0, CPUs=2, Nodes=1
[    0.000000] Kernel/User page tables isolation: enabled
[    0.000000] ftrace: allocating 39186 entries in 154 pages
[    0.004000] Hierarchical RCU implementation.
[    0.004000] 	RCU restricting CPUs from NR_CPUS=8192 to nr_cpu_ids=2.
[    0.004000] 	Tasks RCU enabled.
[    0.004000] RCU: Adjusting geometry for rcu_fanout_leaf=16, nr_cpu_ids=2
[    0.004000] NR_IRQS: 524544, nr_irqs: 440, preallocated irqs: 16
[    0.004000] Console: colour VGA+ 80x25
[    0.004000] console [tty1] enabled
[    0.004000] console [ttyS0] enabled
[    0.004000] ACPI: Core revision 20170831
[    0.004000] ACPI: 2 ACPI AML tables successfully acquired and loaded
[    0.004000] APIC: Switch to symmetric I/O mode setup
[    0.004000] x2apic enabled
[    0.004000] Switched APIC routing to physical x2apic.
[    0.004000] ..TIMER: vector=0x30 apic1=0 pin1=2 apic2=-1 pin2=-1
[    0.004005] tsc: Detected 2807.986 MHz processor
[    0.004545] Calibrating delay loop (skipped) preset value.. 5615.97 BogoMIPS (lpj=11231944)
[    0.008002] pid_max: default: 32768 minimum: 301
[    0.008618] Security Framework initialized
[    0.009124] Yama: becoming mindful.
[    0.009614] AppArmor: AppArmor initialized
[    0.012534] Dentry cache hash table entries: 131072 (order: 8, 1048576 bytes)
[    0.013621] Inode-cache hash table entries: 65536 (order: 7, 524288 bytes)
[    0.016019] Mount-cache hash table entries: 2048 (order: 2, 16384 bytes)
[    0.017025] Mountpoint-cache hash table entries: 2048 (order: 2, 16384 bytes)
[    0.018265] mce: CPU supports 0 MCE banks
[    0.019124] Last level iTLB entries: 4KB 64, 2MB 8, 4MB 8
[    0.020004] Last level dTLB entries: 4KB 64, 2MB 0, 4MB 0, 1GB 4
[    0.020838] Spectre V2 : Mitigation: Full generic retpoline
[    0.021693] Spectre V2 : Spectre v2 / SpectreRSB mitigation: Filling RSB on context switch
[    0.023053] Speculative Store Bypass: Vulnerable
[    0.024025] Freeing SMP alternatives memory: 36K
[    0.028000] smpboot: CPU0: Intel(R) Core(TM) i7-7700HQ CPU @ 2.80GHz (family: 0x6, model: 0x9e, stepping: 0x9)
[    0.028069] Performance Events: unsupported p6 CPU model 158 no PMU driver, software events only.
[    0.029169] Hierarchical SRCU implementation.
[    0.030209] NMI watchdog: Perf event create on CPU 0 failed with -2
[    0.032002] NMI watchdog: Perf NMI watchdog permanently disabled
[    0.032776] smp: Bringing up secondary CPUs ...
[    0.033364] x86: Booting SMP configuration:
[    0.033931] .... node  #0, CPUs:      #1
[    0.004000] kvm-clock: cpu 1, msr 0:3ff44041, secondary cpu clock
[    0.004000] mce: CPU supports 0 MCE banks
[    0.038669] smp: Brought up 1 node, 2 CPUs
[    0.038669] smpboot: Max logical packages: 1
[    0.038669] smpboot: Total of 2 processors activated (11231.94 BogoMIPS)
[    0.040104] devtmpfs: initialized
[    0.040567] x86/mm: Memory block size: 128MB
[    0.041263] evm: security.selinux
[    0.041737] evm: security.SMACK64
[    0.044002] evm: security.SMACK64EXEC
[    0.044552] evm: security.SMACK64TRANSMUTE
[    0.045112] evm: security.SMACK64MMAP
[    0.045625] evm: security.apparmor
[    0.046103] evm: security.ima
[    0.046582] evm: security.capability
[    0.047391] clocksource: jiffies: mask: 0xffffffff max_cycles: 0xffffffff, max_idle_ns: 7645041785100000 ns
[    0.048019] futex hash table entries: 512 (order: 3, 32768 bytes)
[    0.048820] pinctrl core: initialized pinctrl subsystem
[    0.050406] RTC time: 15:45:59, date: 02/07/19
[    0.052204] NET: Registered protocol family 16
[    0.056083] audit: initializing netlink subsys (disabled)
[    0.056815] audit: type=2000 audit(1549554362.438:1): state=initialized audit_enabled=0 res=1
[    0.168010] cpuidle: using governor ladder
[    0.168523] cpuidle: using governor menu
[    0.169092] ACPI: bus type PCI registered
[    0.169601] acpiphp: ACPI Hot Plug PCI Controller Driver version: 0.5
[    0.172102] PCI: Using configuration type 1 for base access
[    0.176965] HugeTLB registered 2.00 MiB page size, pre-allocated 0 pages
[    0.176965] ACPI: Added _OSI(Module Device)
[    0.176965] ACPI: Added _OSI(Processor Device)
[    0.180004] ACPI: Added _OSI(3.0 _SCP Extensions)
[    0.180622] ACPI: Added _OSI(Processor Aggregator Device)
[    0.181312] ACPI: Added _OSI(Linux-Dell-Video)
[    0.181837] ACPI: Added _OSI(Linux-Lenovo-NV-HDMI-Audio)
[    0.182780] ACPI: Executed 1 blocks of module-level executable AML code
[    0.186696] ACPI: Interpreter enabled
[    0.188032] ACPI: (supports S0 S5)
[    0.188573] ACPI: Using IOAPIC for interrupt routing
[    0.189574] PCI: Using host bridge windows from ACPI; if necessary, use "pci=nocrs" and report a bug
[    0.191076] ACPI: Enabled 2 GPEs in block 00 to 07
[    0.198569] ACPI: PCI Root Bridge [PCI0] (domain 0000 [bus 00-ff])
[    0.199408] acpi PNP0A03:00: _OSC: OS supports [ASPM ClockPM Segments MSI]
[    0.200023] acpi PNP0A03:00: _OSC: not requesting OS control; OS requires [ExtendedConfig ASPM ClockPM MSI]
[    0.201291] acpi PNP0A03:00: fail to add MMCONFIG information, can't access extended PCI configuration space under this bridge.
[    0.203075] PCI host bridge to bus 0000:00
[    0.203607] pci_bus 0000:00: root bus resource [io  0x0000-0x0cf7 window]
[    0.204003] pci_bus 0000:00: root bus resource [io  0x0d00-0xffff window]
[    0.204803] pci_bus 0000:00: root bus resource [mem 0x000a0000-0x000bffff window]
[    0.205716] pci_bus 0000:00: root bus resource [mem 0x40000000-0xfdffffff window]
[    0.206784] pci_bus 0000:00: root bus resource [bus 00-ff]
[    0.209483] pci 0000:00:01.1: legacy IDE quirk: reg 0x10: [io  0x01f0-0x01f7]
[    0.212007] pci 0000:00:01.1: legacy IDE quirk: reg 0x14: [io  0x03f6]
[    0.216006] pci 0000:00:01.1: legacy IDE quirk: reg 0x18: [io  0x0170-0x0177]
[    0.216888] pci 0000:00:01.1: legacy IDE quirk: reg 0x1c: [io  0x0376]
[    0.233189] pci 0000:00:07.0: quirk: [io  0x4000-0x403f] claimed by PIIX4 ACPI
[    0.236019] pci 0000:00:07.0: quirk: [io  0x4100-0x410f] claimed by PIIX4 SMB
[    0.245064] ACPI: PCI Interrupt Link [LNKA] (IRQs 5 9 10 *11)
[    0.248328] ACPI: PCI Interrupt Link [LNKB] (IRQs 5 9 *10 11)
[    0.252183] ACPI: PCI Interrupt Link [LNKC] (IRQs 5 *9 10 11)
[    0.253173] ACPI: PCI Interrupt Link [LNKD] (IRQs 5 9 10 *11)
[    0.254598] SCSI subsystem initialized
[    0.256069] pci 0000:00:02.0: vgaarb: setting as boot VGA device
[    0.257011] pci 0000:00:02.0: vgaarb: VGA device added: decodes=io+mem,owns=io+mem,locks=none
[    0.258405] pci 0000:00:02.0: vgaarb: bridge control possible
[    0.260003] vgaarb: loaded
[    0.260553] ACPI: bus type USB registered
[    0.261187] usbcore: registered new interface driver usbfs
[    0.261966] usbcore: registered new interface driver hub
[    0.262805] usbcore: registered new device driver usb
[    0.263618] EDAC MC: Ver: 3.0.0
[    0.264190] PCI: Using ACPI for IRQ routing
[    0.265097] NetLabel: Initializing
[    0.265658] NetLabel:  domain hash size = 128
[    0.266316] NetLabel:  protocols = UNLABELED CIPSOv4 CALIPSO
[    0.267125] NetLabel:  unlabeled traffic allowed by default
[    0.268110] clocksource: Switched to clocksource kvm-clock
[    0.278508] VFS: Disk quotas dquot_6.6.0
[    0.280371] VFS: Dquot-cache hash table entries: 512 (order 0, 4096 bytes)
[    0.281561] AppArmor: AppArmor Filesystem Enabled
[    0.282354] pnp: PnP ACPI init
[    0.283958] pnp: PnP ACPI: found 3 devices
[   293086clocksource: acpi_pm: mask: 0xffffff max_cycles: 0xffffff, max_idle_ns: 2085701024 ns
[    0.405036] NET: Registered protocol family 2

[    0.406217] TCP established hash table entries: 8192 (order: 4, 65536 bytes)
[    0.407242] TCP bind hash table entries: 8192 (order: 5, 131072 bytes)
[    0.408246] TCP: Hash tables configured (established 8192 bind 8192)
[    0.409147] UDP hash table entries: 512 (order: 2, 16384 bytes)
[    0.410085] UDP-Lite hash table entries: 512 (order: 2, 16384 bytes)
[    0.410991] NET: Registered protocol family 1
[    0.411653] pci 0000:00:00.0: Limiting direct PCI/PCI transfers
[    0.412515] pci 0000:00:01.0: Activating ISA DMA hang workarounds
[    0.413377] pci 0000:00:02.0: Video device with shadowed ROM at [mem 0x000c0000-0x000dffff]
[    0.414587] Unpacking initramfs...
[    0.642416] Freeing initrd memory: 18976K
[    0.643117] platform rtc_cmos: registered platform RTC device (no PNP device found)
[    0.644267] Scanning for low memory corruption every 60 seconds
[    0.649551] Initialise system trusted keyrings
[    0.650170] Key type blacklist registered
[    0.650878] workingset: timestamp_bits=36 max_order=18 bucket_order=0
[    0.652589] zbud: loaded
[    0.653365] squashfs: version 4.0 (2009/01/31) Phillip Lougher
[    0.654361] fuse init (API version 7.26)
[    0.656620] Key type asymmetric registered
[    0.657180] Asymmetric key parser 'x509' registered
[    0.657859] Block layer SCSI generic (bsg) driver version 0.4 loaded (major 246)
[    0.658856] io scheduler noop registered
[    0.659375] io scheduler deadline registered
[    0.659952] io scheduler cfq registered (default)
[    0.660823] ACPI: AC Adapter [AC] (on-line)
[    0.661556] input: Power Button as /devices/LNXSYSTM:00/LNXPWRBN:00/input/input0
[    0.662515] ACPI: Power Button [PWRF]
[    0.663008] input: Sleep Button as /devices/LNXSYSTM:00/LNXSLPBN:00/input/input1
[    0.663925] ACPI: Sleep Button [SLPF]
[    0.665158] ACPI: Battery Slot [BAT0] (battery present)
[    0.665943] Serial: 8250/16550 driver, 32 ports, IRQ sharing enabled
[    0.690216] 00:02: ttyS0 at I/O 0x3f8 (irq = 4, base_baud = 115200) is a 16550A
[    0.732222] Linux agpgart interface v0.103
[    0.753675] loop: module loaded
[    0.754743] scsi host0: ata_piix
[    0.755444] scsi host1: ata_piix
[    0.757077] ata1: PATA max UDMA/33 cmd 0x1f0 ctl 0x3f6 bmdma 0xd000 irq 14
[    0.758020] ata2: PATA max UDMA/33 cmd 0x170 ctl 0x376 bmdma 0xd008 irq 15
[    0.759078] libphy: Fixed MDIO Bus: probed
[    0.759690] tun: Universal TUN/TAP device driver, 1.6
[    0.760515] PPP generic driver version 2.4.2
[    0.761203] ehci_hcd: USB 2.0 'Enhanced' Host Controller (EHCI) Driver
[    0.762103] ehci-pci: EHCI PCI platform driver
[    0.762772] ehci-platform: EHCI generic platform driver
[    0.763531] ohci_hcd: USB 1.1 'Open' Host Controller (OHCI) Driver
[    0.764437] ohci-pci: OHCI PCI platform driver
[    0.765090] ohci-platform: OHCI generic platform driver
[    0.769846] uhci_hcd: USB Universal Host Controller Interface driver
[    0.770781] i8042: PNP: PS/2 Controller [PNP0303:PS2K,PNP0f03:PS2M] at 0x60,0x64 irq 1,12
[    0.787167] serio: i8042 KBD port at 0x60,0x64 irq 1
[    0.881514] serio: i8042 AUX port at 0x60,0x64 irq 12
[    0.968554] mousedev: PS/2 mouse device common for all mice
[    1.088972] input: AT Translated Set 2 keyboard as /devices/platform/i8042/serio0/input/input2
[    1.096100] rtc_cmos rtc_cmos: rtc core: registered rtc_cmos as rtc0
[    1.096151] rtc_cmos rtc_cmos: alarms up to one day, 114 bytes nvram
[    1.096160] i2c /dev entries driver
[    1.096165] pcie_mp2_amd: AMD(R) PCI-E MP2 Communication Driver Version: 1.0
[    1.096228] device-mapper: uevent: version 1.0.3
[    1.096268] device-mapper: ioctl: 4.37.0-ioctl (2017-09-20) initialised: dm-devel@redhat.com
[    1.257553] ledtrig-cpu: registered to indicate activity on CPUs
[    1.271595] NET: Registered protocol family 10
[    1.276066] Segment Routing with IPv6
[    1.276810] NET: Registered protocol family 17
[    1.277769] Key type dns_resolver registered
[    1.278729] RAS: Correctable Errors collector initialized.
[    1.279677] sched_clock: Marking stable (1278602799, 0)->(3545342308, -2266739509)
[    1.281069] registered taskstats version 1
[   11.282422] Loading compiled-in X.509 certificates
[    1.470523] Loaded X.509 cert 'Build time autogenerated kernel key: 6afcca3ddc80072aeae87585a7fdb65d40603f58'
[    1.569208] zswap: loaded using pool lzo/zbud
[    1.573362] Key type big_key registered
[    1.597157] Key type trusted registered
[    1.599249] Key type encrypted registered
[    1.638630] AppArmor: AppArmor sha1 policy hashing enabled
[    1.639357] ima: No TPM chip found, activating TPM-bypass! (rc=-19)
[    1.640081] ima: Allocated hash algorithm: sha1
[    1.640724] evm: HMAC attrs: 0x1
[    1.641366]   Magic number: 7:327:790
[    1.641966] rtc_cmos rtc_cmos: setting system clock to 2019-02-07 15:46:01 UTC (1549554361)
[    1.814223] BIOS EDD facility v0.16 2004-Jun-25, 0 devices found
[    1.815005] EDD information not available.
[    1.817310] tsc: Refined TSC clocksource calibration: 2810.405 MHz
[    1.817315] clocksource: tsc: mask: 0xffffffffffffffff max_cycles: 0x2882a61e3b4, max_idle_ns: 440795305272 ns
[    1.839041] Freeing unused kernel memory: 2408K
[    1.860101] Write protecting the kernel read-only data: 20480k
[    1.948756] Freeing unused kernel memory: 2008K
[    1.952131] Freeing unused kernel memory: 1892K
[    1.957090] x86/mm: Checked W+X mappings: passed, no W+X pages found.
[    1.957922] x86/mm: Checking user space page tables
[    1.963204] x86/mm: Checked W+X mappings: passed, no W+X pages found.
Loading, please wait...
starting version 237
[    2.116393] Fusion MPT base driver 3.04.20
[    2.232525] Copyright (c) 1999-2008 LSI Corporation
[    2.242219] Fusion MPT SPI Host driver 3.04.20
[    2.285444] e1000: Intel(R) PRO/1000 Network Driver - version 7.3.21-k8-NAPI
[    2.297002] e1000: Copyright (c) 1999-2006 Intel Corporation.
[    2.298210] mptbase: ioc0: Initiating bringup
[    2.304942] AVX2 version of gcm_enc/dec engaged.
[    2.388374] AES CTR mode by8 optimization enabled
[    2.392964] ioc0: LSI53C1030 A0: Capabilities={Initiator}
[    2.507968] input: ImExPS/2 Generic Explorer Mouse as /devices/platform/i8042/serio1/input/input4
[    2.663805] scsi host2: ioc0: LSI53C1030 A0, FwRev=00000000h, Ports=1, MaxQ=256, IRQ=20
[    2.837546] scsi 2:0:0:0: Direct-Access     VBOX     HARDDISK         1.0  PQ: 0 ANSI: 5
[    2.892166] scsi target2:0:0: Beginning Domain Validation
[    2.905517] scsi target2:0:0: Domain Validation skipping write tests
[    2.906636] scsi target2:0:0: Ending Domain Validation
[    2.907641] scsi target2:0:0: asynchronous
[    2.909155] scsi 2:0:1:0: Direct-Access     VBOX     HARDDISK         1.0  PQ: 0 ANSI: 5
[    3.188082] scsi target2:0:1: Beginning Domain Validation
[    3.215873] random: fast init done
[    3.218066] scsi target2:0:1: Domain Validation skipping write tests
[    3.218865] scsi target2:0:1: Ending Domain Validation
[    3.219615] scsi target2:0:1: asynchronous
[    3.220166] e1000 0000:00:03.0 eth0: (PCI:33MHz:32-bit) 02:31:f2:45:01:70
[    3.220178] random: systemd-udevd: uninitialized urandom read (16 bytes read)
[    3.220209] random: systemd-udevd: uninitialized urandom read (16 bytes read)
[    3.220211] random: systemd-udevd: uninitialized urandom read (16 bytes read)
[    3.224037] e1000 0000:00:03.0 eth0: Intel(R) PRO/1000 Network Connection
[    3.225808] e1000 0000:00:03.0 enp0s3: renamed from eth0
[    3.229883] sd 2:0:0:0: [sda] 20971520 512-byte logical blocks: (10.7 GB/10.0 GiB)
[    3.230863] sd 2:0:0:0: Attached scsi generic sg0 type 0
[    3.231522] sd 2:0:0:0: [sda] Write Protect is off
[    3.232275] sd 2:0:0:0: [sda] Incomplete mode parameter data
[    3.232955] sd 2:0:0:0: [sda] Assuming drive cache: write through
[    3.234168] sd 2:0:1:0: Attached scsi generic sg1 type 0
[    3.234896] sd 2:0:1:0: [sdb] 20480 512-byte logical blocks: (10.5 MB/10.0 MiB)
[    3.235876] sd 2:0:1:0: [sdb] Write Protect is off
[    3.237577] sd 2:0:1:0: [sdb] Incomplete mode parameter data
[    3.245367]  sda: sda1
[    3.269253] sd 2:0:1:0: [sdb] Assuming drive cache: write through
[    3.269434] sd 2:0:0:0: [sda] Attached SCSI disk
[    3.273631] sd 2:0:1:0: [sdb] Attached SCSI disk
Begin: Loading essential drivers ... [    4.680053] raid6: sse2x1   gen() 11373 MB/s
[    4.796047] raid6: sse2x1   xor()  8683 MB/s
[    4.844055] raid6: sse2x2   gen() 14464 MB/s
[    4.972053] raid6: sse2x2   xor()  9296 MB/s
[    5.108068] raid6: sse2x4   gen() 17053 MB/s
[    5.188040] raid6: sse2x4   xor()  9737 MB/s
[    5.240020] raid6: avx2x1   gen() 23381 MB/s
[    5.288045] raid6: avx2x1   xor() 13883 MB/s
[    5.336054] raid6: avx2x2   gen() 27224 MB/s
[    5.448074] raid6: avx2x2   xor() 17562 MB/s
[    5.568074] raid6: avx2x4   gen() 31734 MB/s
[    5.644058] raid6: avx2x4   xor() 19140 MB/s
[    5.648703] raid6: using algorithm avx2x4 gen() 31734 MB/s
[    5.649390] raid6: .... xor() 19140 MB/s, rmw enabled
[    5.649972] raid6: using avx2x2 recovery algorithm
[    5.651791] xor: automatically using best checksumming function   avx       
[    5.654052] async_tx: api initialized (async)
done.
Begin: Running /scripts/init-p[    5.692811] Btrfs loaded, crc32c=crc32c-intel
remount ... done.
Begin: Mounting root file system ... Begin: Running /scripts/local-top ... done.
Begin: Running /scripts/local-premount ... Scanning for Btrfs filesystems
done.
Warning: fsck [    5.955531] EXT4-fs (sda1): mounted filesystem with ordered data mode. Opts: (null)
not present, so skipping root file system
done.
Begin: Running /scripts/local-bottom ... done.
Begin: Running /scripts/init-bottom ... done.
[    6.221235] ip_tables: (C) 2000-2006 Netfilter Core Team
[    6.244345] systemd[1]: systemd 237 running in system mode. (+PAM +AUDIT +SELINUX +IMA +APPARMOR +SMACK +SYSVINIT +UTMP +LIBCRYPTSETUP +GCRYPT +GNUTLS +ACL +XZ +LZ4 +SECCOMP +BLKID +ELFUTILS +KMOD -IDN2 +IDN -PCRE2 default-hierarchy=hybrid)
[    6.261855] systemd[1]: Detected virtualization oracle.
[    6.263210] systemd[1]: Detected architecture x86-64.

Welcome to [1mUbuntu 18.04.1 LTS[0m!

[    6.269495] systemd[1]: Set hostname to <ubuntu>.
[    6.272099] systemd[1]: Initializing machine ID from random generator.
[    6.272953] systemd[1]: Installed transient /etc/machine-id file.
[    6.463610] systemd[1]: Reached target User and Group Name Lookups.
[[0;32m  OK  [0m] Reached target User and Group Name Lookups.
[    6.919617] systemd[1]: Started Forward Password Requests to Wall Directory Watch.
[[0;32m  OK  [0m] Started Forward Password Requests to Wall Directory Watch.
[    6.922850] systemd[1]: Created slice User and Session Slice.
[[0;32m  OK  [0m] Created slice User and Session Slice.
[    6.924146] systemd[1]: Reached target System Time Synchronized.
[[0;32m  OK  [0m] Reached target System Time Synchronized.
[[0;32m  OK  [0m] Created slice System Slice.
[[0;32m  OK  [0m] Listening on udev Kernel Socket.
[[0;32m  OK  [0m] Listening on Journal Audit Socket.
[[0;32m  OK  [0m] Listening on Journal Socket.
         Starting Remount Root and Kernel File Systems...
         Mounting POSIX Message Queue File System...
[[0;32m  OK  [[    6.951455] EXT4-fs (sda1): re-mounted. Opts: (null)
0m] Listening on /dev/initctl Compatibility Named Pipe.
         Startin[    6.970043] Loading iSCSI transport class v2.0-870.
g Load Kernel Modules...
         Mounting Kernel Debug File System...
[[0;32m  OK  [0m] Listening on Journal Socket (/dev/log).
         Starting Create list of required st…ce nodes for the current kernel...
[[0;32m  OK  [0m] Listening on LVM2 metadata daemon socket.
[[0;32m  OK  [0m] Listening on Network Service Netlink Socket.
[[0;32m  OK  [0m] Reached target Slices.
[[0;32m  OK  [0m] Listening on Syslog Socket.
         Startin[    7.017492] iscsi: registered transport (tcp)
g Journal Service...
[[0;32m  OK  [0m] Listening on udev Control Socket.
         Starting udev Coldplug all Devices...
[[0;32m  OK  [0m] Listening on LVM2 poll daemon socket.
         Starting Set the console keyboard layout...
         Starting Uncomplicated firewall...
[[0;32m  OK  [0m] Listening on Device-mapper event daemon FIFOs.
[    7.290433] iscsi: registered transport (iser)
         Starting Monitoring of LVM2 mirrors…ng dmeventd or progress polling...
         Mounting Huge Pages File System...
[[0;32m  OK  [0m] Reached target Swap.
[[0;32m  OK  [0m] Set up automount Arbitrary Executab…rmats File System Automount Point.
[[0;32m  OK  [0m] Created slice system-serial\x2dgetty.slice.
[[0;32m  OK  [0m] Started Journal Service.
[[0;32m  OK  [0m] Started Remount Root and Kernel File Systems.
[[0;32m  OK  [0m] Mounted POSIX Message Queue File System.
[[0;32m  OK  [0m] Started Load Kernel Modules.
[[0;32m  OK  [0m] Mounted Kernel Debug File System.
[[0;32m  OK  [0m] Started Create list of required sta…vice nodes for the current kernel.
[[0;32m  OK  [0m] Started Set the console keyboard layout.
[[0;32m  OK  [0m] Started Uncomplicated firewall.
[[0;32m  OK  [0m] Mounted Huge Pages File System.
[[0;32m  OK  [0m] Started LVM2 metadata daemon.
         Starting Create Static Device Nodes in /dev...
         Mounting Kernel Configuration File System...
         Starting Apply Kernel Variables...
         Mounting FUSE Control File System...
         Starting Load/Save Random Seed...
         Starting Initial cloud-init job (pre-networking)...
         Starting Flush Journal to Persistent Storage...
[[0;32m  OK  [0m] Started Monitoring of LVM2 mirrors,…sing dmeventd or progress polling.
[[0;32m  OK  [0m] Started udev Coldplug all Devices.
[[0;32m  OK  [0m] Started Create Static Device Nodes in /dev.
[[0;32m  OK  [0m] Mounted Kernel Configuration File System.
[[0;32m  OK  [0m] Started Apply Kernel Variables.
[[0;32m  OK  [0m] Mounted FUSE Control File System.
[[0;32m  OK  [0m] Started Load/Save Random Seed.
         Starting udev Kernel Device Manager...
[[0;32m  OK  [0m] Reached target Local File Systems (Pre).
[[0;32m  OK  [0m] Reached target Local File Systems.
         Starting Set console font and keymap...
         Starting Commit a transient machine-id on disk...
         Starting Tell Plymouth To Write Out Runtime Data...
         Starting AppArmor initialization...
         Starting ebtables ruleset management...
[[0;32m  OK  [0m] Started udev Kernel Device Manager.
[[0;32m  OK  [0m] Started Dispatch Password Requests to Console Directory Watch.
[[0;32m  OK  [0m] Reached target Local Encrypted Volumes.
[[0;32m  OK  [0m] Started Set console font and keymap.
[[0;32m  OK  [0m] Started Tell Plymouth To Write Out Runtime Data.
[[0;32m  OK  [0m] Started Flush Journal to Persistent Storage.
[[0;32m  OK  [0m] Started Commit a transient machine-id on disk.
         Starting Create Volatile Files and Directories...
[[0;32m  OK  [0m] Started ebtables ruleset management.
[[0;32m  OK  [0m] Started Create Volatile Files and Directories.
[[0;32m  OK  [0m] Found device /dev/ttyS0.
         Starting Update UTMP about System Boot/Shutdown...
[[0;32m  OK  [0m] Started Update UTMP about System Boot/Shutdown.
[[0;32m  OK  [0m] Listening on Load/Save RF Kill Switch Status /dev/rfkill Watch.
[[0;32m  OK  [0m] Started AppArmor initialization.
[    9.136373] cloud-init[425]: Cloud-init v. 18.4-0ubuntu1~18.04.1 running 'init-local' at Thu, 07 Feb 2019 15:46:08 +0000. Up 8.76 seconds.
[[0;32m  OK  [0m] Started Initial cloud-init job (pre-networking).
[[0;32m  OK  [0m] Reached target Network (Pre).
         Starting Network Service...
[[0;32m  OK  [0m] Started Network Service.
         Starting Network Name Resolution...
         Starting Wait for Network to be Configured...
[[0;32m  OK  [0m] Started Network Name Resolution.
[[0;32m  OK  [0m] Reached target Network.
[[0;32m  OK  [0m] Reached target Host and Network Name Lookups.
[[0;32m  OK  [0m] Started Wait for Network to be Configured.
         Starting Initial cloud-init job (metadata service crawler)...
[   11.663226] cloud-init[648]: Cloud-init v. 18.4-0ubuntu1~18.04.1 running 'init' at Thu, 07 Feb 2019 15:46:11 +0000. Up 11.52 seconds.
[   11.667343] cloud-init[648]: ci-info: +++++++++++++++++++++++++++++++++++++Net device info++++++++++++++++++++++++++++++++++++++
[   11.706339] cloud-init[648]: ci-info: +--------+------+---------------------------+---------------+--------+-------------------+
[   11.707878] cloud-init[648]: ci-info: | Device |  Up  |          Address          |      Mask     | Scope  |     Hw-Address    |
[   11.709505] cloud-init[648]: ci-info: +--------+------+---------------------------+---------------+--------+-------------------+
[   11.711814] cloud-init[648]: ci-info: | enp0s3 | True |         10.0.2.15         | 255.255.255.0 | global | 02:31:f2:45:01:70 |
[   11.713312] cloud-init[648]: ci-info: | enp0s3 | True | fe80::31:f2ff:fe45:170/64 |       .       |  link  | 02:31:f2:45:01:70 |
[   11.729741] cloud-init[648]: ci-info: |   lo   | True |         127.0.0.1         |   255.0.0.0   |  host  |         .         |
[   11.731123] cloud-init[648]: ci-info: |   lo   | True |          ::1/128          |       .       |  host  |         .         |
[   11.732528] cloud-init[648]: ci-info: +--------+------+---------------------------+---------------+--------+-------------------+
[   11.753366] cloud-init[648]: ci-info: ++++++++++++++++++++++++++++Route IPv4 info+++++++++++++++++++++++++++++
[   11.754518] cloud-init[648]: ci-info: +-------+-------------+----------+-----------------+-----------+-------+
[   11.755634] cloud-init[648]: ci-info: | Route | Destination | Gateway  |     Genmask     | Interface | Flags |
[   11.756867] cloud-init[648]: ci-info: +-------+-------------+----------+-----------------+-----------+-------+
[   11.768783] cloud-init[648]: ci-info: |   0   |   0.0.0.0   | 10.0.2.2 |     0.0.0.0     |   enp0s3  |   UG  |
[   11.770122] cloud-init[648]: ci-info: |   1   |   10.0.2.0  | 0.0.0.0  |  255.255.255.0  |   enp0s3  |   U   |
[   11.771438] cloud-init[648]: ci-info: |   2   |   10.0.2.2  | 0.0.0.0  | 255.255.255.255 |   enp0s3  |   UH  |
[   11.772852] cloud-init[648]: ci-info: +-------+-------------+----------+-----------------+-----------+-------+
[   11.774252] cloud-init[648]: ci-info: +++++++++++++++++++Route IPv6 info+++++++++++++++++++
[   11.775550] cloud-init[648]: ci-info: +-------+-------------+---------+-----------+-------+
[   11.788258] cloud-init[648]: ci-info: | Route | Destination | Gateway | Interface | Flags |
[   11.822204] cloud-init[648]: ci-info: +-------+-------------+---------+-----------+-------+
[   11.823259] cloud-init[648]: ci-info: |   1   |  fe80::/64  |    ::   |   enp0s3  |   U   |
[   11.824432] cloud-init[648]: ci-info: |   3   |    local    |    ::   |   enp0s3  |   U   |
[   11.833867] cloud-init[648]: ci-info: |   4   |   ff00::/8  |    ::   |   enp0s3  |   U   |
[   11.834945] cloud-init[648]: ci-info: +-------+-------------+---------+-----------+-------+
[   12.354044] cloud-init[648]: Generating public/private rsa key pair.
[   12.364271] cloud-init[648]: Your identification has been saved in /etc/ssh/ssh_host_rsa_key.
[   12.365505] cloud-init[648]: Your public key has been saved in /etc/ssh/ssh_host_rsa_key.pub.
[   12.366548] cloud-init[648]: The key fingerprint is:
[   12.367650] cloud-init[648]: SHA256:RhhGHnkfSoytnXP9K3oOwA4hol/Z9nQgzXnu9wlCqT4 root@ubuntu-bionic
[   12.369023] cloud-init[648]: The key's randomart image is:
[   12.369847] cloud-init[648]: +---[RSA 2048]----+
[   12.370588] cloud-init[648]: |     .==         |
[   12.371312] cloud-init[648]: |     oo*=..      |
[   12.372028] cloud-init[648]: |  . . ==*+.o     |
[   12.372821] cloud-init[648]: | . . +.==+o..    |
[   12.374659] cloud-init[648]: |.   o + So=  .   |
[   12.375476] cloud-init[648]: | . . . * *    .  |
[   12.376267] cloud-init[648]: |  .     + + o  . |
[   12.383423] cloud-init[648]: |       .E  +oo.. |
[   12.384433] cloud-init[648]: |        ...+..o  |
[   12.385328] cloud-init[648]: +----[SHA256]-----+
[   12.386217] cloud-init[648]: Generating public/private dsa key pair.
[   12.387247] cloud-init[648]: Your identification has been saved in /etc/ssh/ssh_host_dsa_key.
[[0;32m  OK  [0m] Started Initial cloud-init job (metadata service crawler).
[   12.410477] cloud-init[[0;32m  OK  [0m] Reached target Cloud-config availability.
[[0;32m  OK  [0m] Reached target System Initialization.
[648]: Your public key has been saved in /etc/ssh/ssh_host_dsa_key.pub.
[[0;32m  OK  [0m] Listening on ACPID Listen Socket.
[   12.414343] [[0;32m  OK  [0m] Listening on Open-iSCSI iscsid Socket.
[[0;32m  OK  [0m] Listening on UUID daemon activation socket.
[[0;32m  OK  [0m] Started Daily Cleanup of Temporary Directories.
[[0;32m  OK  [0m] Started Message of the Day.
[[0;32m  OK  [0m] Started Discard unused blocks once a week.
[[0;32m  OK  [0m] Started ACPI Events Check.
[[0;32m  OK  [0m] Reached target Paths.
cloud-init[648]: The key fingerprint is:
[[0;32m  OK  [0m] Started Daily apt download activities.
[   12.424535] [[0;32m  OK  [0m] Started Daily apt upgrade and clean activities.
[[0;32m  OK  [0m] Reached target Timers.
[[0;32m  OK  [0m] Listening on D-Bus System Message Bus Socket.
cloud-init         Starting LXD - unix socket.
[648]: SHA256:XiejInCrr7nOKf+OHbGWcvuzzAFwbFff0tWfXKAR3Hc root@ubuntu-bionic
[   12.430448] cloud-init[648]: The key's randomart image is:
         Starting Socket activation for snappy daemon.
[   12.433079] [[0;32m  OK  [0m] Reached target Network is Online.
cloud-init[648]: [[0;32m  OK  [0m] Reached target Remote File Systems (Pre).
[[0;32m  OK  [0m] Reached target Remote File Systems.
+---[DSA 1024]----+
         Starting Availability of block devices...
[[0;32m  OK  [0m] Listening on LXD - unix socket.
[[0;32m  OK  [0m] Listening on Socket activation for snappy daemon.
[[0;32m  OK  [0m] Reached target Sockets.
[[0;32m  OK  [0m] Reached target Basic System.
         Starting Permit User Sessions...
[   12.456207] cloud-init[648]: |        .  .oooo |         Starting LSB: Record successful boot for GRUB...
         Starting System Logging Service...
[[0;32m  OK  [0m] Started D-Bus System Message Bus.

[   12.461572] cloud-init[648]: |   .   . . o.+. E|
[   12.484463] cloud-init[648]: |  . + .   o + ..=|
[   12.485530] cloud-init[648]: |   + .     .   o.|
[   12.486744] cloud-init[648]: |  . +   S + .    |
[   12.488025] cloud-init[648]: |   o * . o +     |
[   12.489394] cloud-init[648]: |  . O o o        |
[   12.492752] cloud-init[648]: |.. X *.o         |
[   12.494492] cloud-init[648]: | +@**.=o         |
[   12.495421] cloud-init[648]: +----[SHA256]-----+
[   12.496875] cloud-init[648]: Generating public/private ecdsa key pair.
         Starting Pollinate to seed the pseudo random number generator...
[   12.521748] cloud-init[648]: Your identification has been saved in /etc/ssh/ssh_host_ecdsa_key.         Starting LXD - container startup/shutdown...

         Starting Login Service...
[[0;32m  OK  [0m] Started Regular background program processing daemon.
[   12.527827] cloud-init[648]: Your public key has been saved in /etc/ssh/ssh_host_ecdsa_key.pub.[[0;32m  OK  [0m] Started FUSE filesystem for LXC.
         Starting Accounts Service...

         Starting LSB: automatic crash report generation...
[   12.559516] cloud-init[648]: The key fingerprint is:
[   12.604356] cloud-init[648]: SHA256:JOs1Kvw/+hLyekiwNF+LYQd2+K9eilh+jyZAecHmFJc root@ubuntu-bionic
[   12.605943] cloud-init[648]: The key's randomart image is:
[   12.614025] cloud-init[648]: +---[ECDSA 256]---+
[   12.614964] cloud-init[648]: |   ..o..         |
[   12.615824] cloud-init[648]: |    O.E          |
[   12.617748] cloud-init[648]: |   * =. .        |
[   12.618810] cloud-init[648]: |  * = ++         |
[   12.624894] cloud-init[648]: | o B =.oS        |
[   12.628882] cloud-init[648]: |  o.=.oo..       |
[   12.648236] cloud-init[648]: |   o++oo.        |
[   12.663479] cloud-init[648]: |   +o+B+.        |
[[0;32m  OK  [0m] Started irqbalance daemon.
[   12.680666] cloud-init[648]: |  . +B**+.       |
[[0;32m  OK  [0m] Started Deferred execution scheduler.
[   12.682467] cloud-init[648]: +----[SHA256]-----+
[   12.693252] cloud-init[648]: Generating public/private ed25519 key pair.
[   12.694562] cloud-init[648]: Your identification has been saved in /etc/ssh/ssh_host_ed25519_key.
[   12.704371] cloud-init[648]: Your public key has been saved in /etc/ssh/ssh_host_ed25519_key.pub.
[   12.706521] cloud-init[648]: The key fingerprint is:
[   12.713672] cloud-init[648]: SHA256:wXdUBbepvl/B8EiWiBHCU0aEdUuUwFeF2SzGyRbOtHA root@ubuntu-bionic
[   12.717052] cloud-init[648]: The key's randomart image is:
[   12.722886] cloud-init[648]: +--[ED25519 256]--+
[   12.723468] cloud-init[648]: |      ..BX+=*E@+o|
[   12.724272] cloud-init[648]: |       =o.=+OXo+o|
[   12.724907] cloud-init[648]: |        +.oo+O.o |
         Starting Snappy daemon...
[   12.756368] cloud-init[648]: |         o .o *  |
[   12.756558] cloud-init[648]: |        S    o + |
[   12.756764] cloud-init[648]: |            .   .|
[   12.756994] cloud-init[648]: |             .  .|
[   12.757247] cloud-init[648]: |              . .|
[   12.758054] cloud-init[648]: |             ... |
[   12.758282] cloud-init[648]: +----[SHA256]-----+
         Starting Virtualbox guest utils...
         Starting Dispatcher daemon for systemd-networkd...
[[0;32m  OK  [0m] Started System Logging Service.
[[0;32m  OK  [0m] Started Availability of block devices.
[[0;32m  OK  [0m] Started Permit User Sessions.
[[0;32m  OK  [0m] Started LXD - container startup/shutdown.
[[0;32m  OK  [0m] Started Login Service.
         Starting Authorization Manager...
[[0;32m  OK  [0m] Started Unattended Upgrades Shutdown.
         Starting Terminate Plymouth Boot Screen...
         Starting Hold until boot process finishes up...
[[0;32m  OK  [0m] Started Terminate Plymouth Boot Screen.
[[0;32m  OK  [0m] Started Hold until boot process finishes up.
[[0;32m  OK  [0m] Started Serial Getty on ttyS0.
         Starting Set console scheme...
[[0;32m  OK  [0m] Started Set console scheme.
[[0;32m  OK  [0m] Created slice system-getty.slice.
[[0;32m  OK  [0m] Started Getty on tty1.
[[0;32m  OK  [0m] Reached target Login Prompts.
[[0;32m  OK  [0m] Started LSB: automatic crash report generation.
[[0;32m  OK  [0m] Started Authorization Manager.
[[0;32m  OK  [0m] Started LSB: Record successful boot for GRUB.
[[0;32m  OK  [0m] Started Accounts Service.
[[0;32m  OK  [0m] Started Virtualbox guest utils.
[[0;32m  OK  [0m] Started Snappy daemon.
         Starting Wait until snapd is fully seeded...
[[0;32m  OK  [0m] Started Dispatcher daemon for systemd-networkd.
[[0;32m  OK  [0m] Started Pollinate to seed the pseudo random number generator.
         Starting OpenBSD Secure Shell server...
[[0;32m  OK  [0m] Started OpenBSD Secure Shell server.
[[0;32m  OK  [0m] Created slice User Slice of vagrant.
         Starting User Manager for UID 1000...
[[0;32m  OK  [0m] Started Session 1 of user vagrant.
[[0;32m  OK  [0m] Started User Manager for UID 1000.
         Stopping User Manager for UID 1000...
[[0;32m  OK  [0m] Stopped User Manager for UID 1000.
[[0;32m  OK  [0m] Removed slice User Slice of vagrant.
[[0;32m  OK  [0m] Created slice User Slice of vagrant.
         Starting User Manager for UID 1000...
[[0;32m  OK  [0m] Started Session 3 of user vagrant.
[[0;32m  OK  [0m] Started User Manager for UID 1000.
[[0;32m  OK  [0m] Started Wait until snapd is fully seeded.
         Starting Apply the settings specified in cloud-config...
[[0;32m  OK  [0m] Reached target Multi-User System.
[[0;32m  OK  [0m] Reached target Graphical Interface.
         Starting Update UTMP about System Runlevel Changes...
[[0;32m  OK  [0m] Started Update UTMP about System Runlevel Changes.
[   17.012823] cloud-init[1570]: Cloud-init v. 18.4-0ubuntu1~18.04.1 running 'modules:config' at Thu, 07 Feb 2019 15:46:16 +0000. Up 16.63 seconds.
[[0;32m  OK  [0m] Started Apply the settings specified in cloud-config.
         Starting Execute cloud user/final scripts...
ci-info: no authorized ssh keys fingerprints found for user ubuntu.
<14>Feb  7 15:46:17 ec2: 
<14>Feb  7 15:46:17 ec2: #############################################################
<14>Feb  7 15:46:17 ec2: -----BEGIN SSH HOST KEY FINGERPRINTS-----
<14>Feb  7 15:46:17 ec2: 1024 SHA256:XiejInCrr7nOKf+OHbGWcvuzzAFwbFff0tWfXKAR3Hc root@ubuntu-bionic (DSA)
<14>Feb  7 15:46:17 ec2: 256 SHA256:JOs1Kvw/+hLyekiwNF+LYQd2+K9eilh+jyZAecHmFJc root@ubuntu-bionic (ECDSA)
<14>Feb  7 15:46:17 ec2: 256 SHA256:wXdUBbepvl/B8EiWiBHCU0aEdUuUwFeF2SzGyRbOtHA root@ubuntu-bionic (ED25519)
<14>Feb  7 15:46:17 ec2: 2048 SHA256:RhhGHnkfSoytnXP9K3oOwA4hol/Z9nQgzXnu9wlCqT4 root@ubuntu-bionic (RSA)
<14>Feb  7 15:46:17 ec2: -----END SSH HOST KEY FINGERPRINTS-----
<14>Feb  7 15:46:17 ec2: #############################################################
-----BEGIN SSH HOST KEY KEYS-----
ecdsa-sha2-nistp256 AAAAE2VjZHNhLXNoYTItbmlzdHAyNTYAAAAIbmlzdHAyNTYAAABBBAH7ToHqyoRtXAwRNIHfymH49ADrA4B023NmmYw5B/fOpTd0gUgxvAD5q1KTGEdBrZQbgToe3Sf1grRa8Ln/D0A= root@ubuntu-bionic
ssh-ed25519 AAAAC3NzaC1lZDI1NTE5AAAAIF2MKSIVFLqbF5alYkKmmUCRtzKDF9DjGPycpnIFw8j9 root@ubuntu-bionic
ssh-rsa AAAAB3NzaC1yc2EAAAADAQABAAABAQDWXlpaBzfi0CN/FZoX18BtYMqlWvunxhZH8hMWVddF4CAgCNLTnrpzmGl7bnJBxWL1KNx0zxDHK6riPJr43witUGe0ql7PN7ZXiHZ6axH3BnACdUnGYXUawYeEdMAxtJ0PqLxpRqWO4OlU+vULgZDQCENm1p/yVxX92TTBFjBdHamcK3agse5vfe/j2lUrY3BRH1+uxVmhx5k8MbQOdl8xd3LE0S7talqjel3bn37Hp35675DoRITfjeE9cK2R2p9cB31fQzf+M/AeoOcZkHShzKqclhuuRqxD3CjIROZlw+hTrh9nsWxsd6jx9XfspGVYqOs+3Wn5ph27XaTMPI4P root@ubuntu-bionic
-----END SSH HOST KEY KEYS-----
[   17.574987] cloud-init[1722]: Cloud-init v. 18.4-0ubuntu1~18.04.1 running 'modules:final' at Thu, 07 Feb 2019 15:46:17 +0000. Up 17.38 seconds.
[   17.576483] cloud-init[1722]: ci-info: no authorized ssh keys fingerprints found for user ubuntu.
[   17.577456] cloud-init[1722]: Cloud-init v. 18.4-0ubuntu1~18.04.1 finished at Thu, 07 Feb 2019 15:46:17 +0000. Datasource DataSourceNoCloud [seed=/dev/sdb][dsmode=net].  Up 17.56 seconds
[[0;32m  OK  [0m] Started Execute cloud user/final scripts.
[[0;32m  OK  [0m] Reached target Cloud-init target.

Ubuntu 18.04.1 LTS ubuntu-bionic ttyS0

ubuntu-bionic login: 